<?xml version="1.0" encoding="UTF-8"?>
<robot generator="Robot 7.4 (Python 3.12.3 on linux)" generated="2025-12-14T10:51:30.079726" rpa="false" schemaversion="5">
<suite id="s1" name="Example Api" source="/home/rftrombeta/Git/sdet-robot-automation-project/tests/api/example_api.robot">
<test id="s1-t1" name="GET Example Using Core Framework" line="5">
<kw name="Create HTTP Client" owner="sdet_python_automation_core.libraries.base_library.BaseLibrary">
<arg>https://jsonplaceholder.typicode.com</arg>
<doc>Creates and stores a HTTP client instance</doc>
<status status="PASS" start="2025-12-14T10:51:30.199397" elapsed="0.000389"/>
</kw>
<kw name="GET" owner="sdet_python_automation_core.libraries.base_library.BaseLibrary">
<arg>/posts/1</arg>
<status status="PASS" start="2025-12-14T10:51:30.200099" elapsed="0.137110"/>
</kw>
<kw name="Status Should Be" owner="sdet_python_automation_core.libraries.base_library.BaseLibrary">
<arg>200</arg>
<status status="PASS" start="2025-12-14T10:51:30.337473" elapsed="0.000196"/>
</kw>
<status status="PASS" start="2025-12-14T10:51:30.198684" elapsed="0.139193"/>
</test>
<status status="PASS" start="2025-12-14T10:51:30.082192" elapsed="0.259988"/>
</suite>
<statistics>
<total>
<stat pass="1" fail="0" skip="0">All Tests</stat>
</total>
<tag>
</tag>
<suite>
<stat name="Example Api" id="s1" pass="1" fail="0" skip="0">Example Api</stat>
</suite>
</statistics>
<errors>
</errors>
</robot>
